<?xml version="1.0" encoding="UTF-8"?>
<!-- Generated by org.testng.reporters.JUnitXMLReporter -->
<testsuite ignored="0" hostname="DESKTOP-8QG8CLM" failures="0" tests="3" name="Test1(failed)" time="2.529" errors="0" timestamp="2021-10-30T20:05:40 IST">
  <testcase classname="testClasses.VerifyLogin" name="@BeforeTest beforeMethod" time="2.431">
    <failure type="org.openqa.selenium.SessionNotCreatedException" message="session not created: This version of ChromeDriver only supports Chrome version 93
Current browser version is 95.0.4638.69 with binary path C:\Program Files (x86)\Google\Chrome\Application\chrome.exe
Build info: version: &amp;apos;3.141.59&amp;apos;, revision: &amp;apos;e82be7d358&amp;apos;, time: &amp;apos;2018-11-14T08:17:03&amp;apos;
System info: host: &amp;apos;DESKTOP-8QG8CLM&amp;apos;, ip: &amp;apos;192.168.137.1&amp;apos;, os.name: &amp;apos;Windows 10&amp;apos;, os.arch: &amp;apos;amd64&amp;apos;, os.version: &amp;apos;10.0&amp;apos;, java.version: &amp;apos;16.0.1&amp;apos;
Driver info: driver.version: ChromeDriver
remote stacktrace: Backtrace:
	Ordinal0 [0x0090A2D3+2663123]
	Ordinal0 [0x0089A491+2204817]
	Ordinal0 [0x00782118+1057048]
	Ordinal0 [0x007A041A+1180698]
	Ordinal0 [0x0079C335+1164085]
	Ordinal0 [0x00799B7F+1153919]
	Ordinal0 [0x007C9D8F+1351055]
	Ordinal0 [0x007C99FA+1350138]
	Ordinal0 [0x007C589B+1333403]
	Ordinal0 [0x007A1F74+1187700]
	Ordinal0 [0x007A2DC9+1191369]
	GetHandleVerifier [0x00AA30D6+1610054]
	GetHandleVerifier [0x00B4B53B+2299307]
	GetHandleVerifier [0x00998DA9+519705]
	GetHandleVerifier [0x00997759+513993]
	Ordinal0 [0x008A112D+2232621]
	Ordinal0 [0x008A55F8+2250232]
	Ordinal0 [0x008A5732+2250546]
	Ordinal0 [0x008AE591+2286993]
	BaseThreadInitThunk [0x772D6359+25]
	RtlGetAppContainerNamedObjectPath [0x774187A4+228]
	RtlGetAppContainerNamedObjectPath [0x77418774+180]
">
      <![CDATA[org.openqa.selenium.SessionNotCreatedException: session not created: This version of ChromeDriver only supports Chrome version 93
Current browser version is 95.0.4638.69 with binary path C:\Program Files (x86)\Google\Chrome\Application\chrome.exe
Build info: version: '3.141.59', revision: 'e82be7d358', time: '2018-11-14T08:17:03'
System info: host: 'DESKTOP-8QG8CLM', ip: '192.168.137.1', os.name: 'Windows 10', os.arch: 'amd64', os.version: '10.0', java.version: '16.0.1'
Driver info: driver.version: ChromeDriver
remote stacktrace: Backtrace:
Ordinal0 [0x0090A2D3+2663123]
Ordinal0 [0x0089A491+2204817]
Ordinal0 [0x00782118+1057048]
Ordinal0 [0x007A041A+1180698]
Ordinal0 [0x0079C335+1164085]
Ordinal0 [0x00799B7F+1153919]
Ordinal0 [0x007C9D8F+1351055]
Ordinal0 [0x007C99FA+1350138]
Ordinal0 [0x007C589B+1333403]
Ordinal0 [0x007A1F74+1187700]
Ordinal0 [0x007A2DC9+1191369]
GetHandleVerifier [0x00AA30D6+1610054]
GetHandleVerifier [0x00B4B53B+2299307]
GetHandleVerifier [0x00998DA9+519705]
GetHandleVerifier [0x00997759+513993]
Ordinal0 [0x008A112D+2232621]
Ordinal0 [0x008A55F8+2250232]
Ordinal0 [0x008A5732+2250546]
Ordinal0 [0x008AE591+2286993]
BaseThreadInitThunk [0x772D6359+25]
RtlGetAppContainerNamedObjectPath [0x774187A4+228]
RtlGetAppContainerNamedObjectPath [0x77418774+180]

at org.openqa.selenium.remote.W3CHandshakeResponse.lambda$errorHandler$0(W3CHandshakeResponse.java:62)
at org.openqa.selenium.remote.HandshakeResponse.lambda$getResponseFunction$0(HandshakeResponse.java:30)
at org.openqa.selenium.remote.ProtocolHandshake.lambda$createSession$0(ProtocolHandshake.java:126)
at java.base/java.util.stream.ReferencePipeline$3$1.accept(ReferencePipeline.java:197)
at java.base/java.util.Spliterators$ArraySpliterator.tryAdvance(Spliterators.java:958)
at java.base/java.util.stream.ReferencePipeline.forEachWithCancel(ReferencePipeline.java:129)
at java.base/java.util.stream.AbstractPipeline.copyIntoWithCancel(AbstractPipeline.java:502)
at java.base/java.util.stream.AbstractPipeline.copyInto(AbstractPipeline.java:488)
at java.base/java.util.stream.AbstractPipeline.wrapAndCopyInto(AbstractPipeline.java:474)
at java.base/java.util.stream.FindOps$FindOp.evaluateSequential(FindOps.java:150)
at java.base/java.util.stream.AbstractPipeline.evaluate(AbstractPipeline.java:234)
at java.base/java.util.stream.ReferencePipeline.findFirst(ReferencePipeline.java:647)
at org.openqa.selenium.remote.ProtocolHandshake.createSession(ProtocolHandshake.java:128)
at org.openqa.selenium.remote.ProtocolHandshake.createSession(ProtocolHandshake.java:74)
at org.openqa.selenium.remote.HttpCommandExecutor.execute(HttpCommandExecutor.java:136)
at org.openqa.selenium.remote.service.DriverCommandExecutor.execute(DriverCommandExecutor.java:83)
at org.openqa.selenium.remote.RemoteWebDriver.execute(RemoteWebDriver.java:552)
at org.openqa.selenium.remote.RemoteWebDriver.startSession(RemoteWebDriver.java:213)
at org.openqa.selenium.remote.RemoteWebDriver.<init>(RemoteWebDriver.java:131)
at org.openqa.selenium.chrome.ChromeDriver.<init>(ChromeDriver.java:181)
at org.openqa.selenium.chrome.ChromeDriver.<init>(ChromeDriver.java:168)
at org.openqa.selenium.chrome.ChromeDriver.<init>(ChromeDriver.java:123)
at base.BaseClass.ChromeBrowser(BaseClass.java:15)
at testClasses.VerifyLogin.beforeMethod(VerifyLogin.java:29)
... Removed 29 stack frames]]>
    </failure>
  </testcase> <!-- @BeforeTest beforeMethod -->
  <testcase classname="testClasses.VerifyLogin" name="@BeforeClass beforeClass" time="-1.635604540749E9">
    <skipped/>
  </testcase> <!-- @BeforeClass beforeClass -->
  <testcase classname="testClasses.VerifyLogin" name="@BeforeMethod beforeMethod" time="-1.635604540767E9">
    <skipped/>
  </testcase> <!-- @BeforeMethod beforeMethod -->
  <testcase classname="testClasses.VerifyLogin" name="@BeforeMethod beforeMethod" time="-1.63560454078E9">
    <skipped/>
  </testcase> <!-- @BeforeMethod beforeMethod -->
  <testcase classname="testClasses.VerifyLogin" name="@BeforeMethod beforeMethod" time="-1.635604540788E9">
    <skipped/>
  </testcase> <!-- @BeforeMethod beforeMethod -->
  <testcase classname="testClasses.VerifyLogin" name="@AfterClass afterClass" time="-1.635604540799E9">
    <skipped/>
  </testcase> <!-- @AfterClass afterClass -->
  <testcase classname="testClasses.VerifyLogin" name="test2" time="0.0">
    <skipped/>
  </testcase> <!-- test2 -->
  <testcase classname="testClasses.VerifyLogin" name="test3" time="0.0">
    <skipped/>
  </testcase> <!-- test3 -->
  <testcase classname="testClasses.VerifyLogin" name="test1" time="0.0">
    <skipped/>
  </testcase> <!-- test1 -->
</testsuite> <!-- Test1(failed) -->
